[2025-12-25 18:31:37] [INFO] Nouvel article créé {"article_id":8,"titre":"a^\"uioprd)à_az","slug":"a-uioprd-az","utilisateur":{"id":1,"nom":"AdminVTT"},"tags":["7"],"image":null,"statut":"Brouillon"}
[2025-12-25 19:16:25] [INFO] Article supprimé {"article_id":4,"slug":"test","titre":"test","utilisateur":{"id":1,"nom":"AdminVTT"}}
[2025-12-25 19:16:29] [INFO] Article supprimé {"article_id":8,"slug":"a-uioprd-az","titre":"a^\"uioprd)à_az","utilisateur":{"id":1,"nom":"AdminVTT"}}
[2025-12-25 19:16:33] [INFO] Article supprimé {"article_id":7,"slug":"test-2","titre":"test","utilisateur":{"id":1,"nom":"AdminVTT"}}
[2025-12-25 20:06:43] [INFO] Article modifié {"article_id":6,"titre":"test","slug":"test","utilisateur":{"id":1,"nom":"AdminVTT"},"tags":["7"],"image":"image\/articles\/article_694d6d707bb6b.jpg"}
[2025-12-25 21:12:38] [INFO] Nouvel article créé {"article_id":9,"titre":"chat","slug":"chat","utilisateur":{"id":1,"nom":"AdminVTT"},"tags":["6"],"image":null,"statut":"Publié"}
[2025-12-25 21:13:08] [INFO] Article modifié {"article_id":9,"titre":"chat","slug":"chat","utilisateur":{"id":1,"nom":"AdminVTT"},"tags":["6"],"image":null,"statut":"Brouillon"}
[2025-12-25 21:27:15] [INFO] Nouveau commentaire ajouté {"article_id":"1","article_slug":"top-5-traces-vtt-enduro-rhone-alpes","auteur":{"nom":"AdminVTT","email":"admin@vtt.com"},"contenu":"super"}
[2025-12-25 21:35:16] [INFO] Statut de commentaire modifié {"comment_id":6,"article_id":null,"auteur":"inconnu","ancien_statut":"inconnu","nouveau_statut":"Approuvé","admin":{"id":1,"nom":"AdminVTT"}}
[2025-12-25 21:35:26] [INFO] Statut de commentaire modifié {"comment_id":6,"article_id":null,"auteur":"inconnu","ancien_statut":"inconnu","nouveau_statut":"Rejeté","admin":{"id":1,"nom":"AdminVTT"}}
[2025-12-25 21:35:41] [INFO] Commentaire supprimé {"comment_id":6,"article_id":null,"auteur":"inconnu","contenu":"","admin":{"id":1,"nom":"AdminVTT"}}
[2025-12-25 21:36:00] [INFO] Statut d'article modifié {"article_id":6,"nouveau_statut":"Publié","admin":{"id":1,"nom":"AdminVTT"}}
[2025-12-25 21:36:07] [INFO] Statut d'article modifié {"article_id":6,"nouveau_statut":"Brouillon","admin":{"id":1,"nom":"AdminVTT"}}
[2025-12-25 21:36:36] [INFO] Article supprimé {"article_id":6,"admin":{"id":1,"nom":"AdminVTT"}}
[2025-12-25 21:38:45] [INFO] Nouvel article créé {"article_id":10,"titre":"dzdq","slug":"dzdq","utilisateur":{"id":1,"nom":"AdminVTT"},"tags":["6"],"image":null,"statut":"Brouillon"}
[2025-12-25 21:38:52] [INFO] Article modifié {"article_id":10,"titre":"dzdq","slug":"dzdq","utilisateur":{"id":1,"nom":"AdminVTT"},"tags":["6"],"image":null,"statut":"Publié"}
[2025-12-25 22:02:02] [INFO] Statut de commentaire modifié {"comment_id":1,"article_id":null,"auteur":"inconnu","ancien_statut":"inconnu","nouveau_statut":"Rejeté","admin":{"id":1,"nom":"AdminVTT"}}
[2025-12-25 22:02:05] [INFO] Statut de commentaire modifié {"comment_id":1,"article_id":null,"auteur":"inconnu","ancien_statut":"inconnu","nouveau_statut":"Approuvé","admin":{"id":1,"nom":"AdminVTT"}}
[2025-12-25 22:44:40] [INFO] Nouvel article créé {"article_id":11,"titre":"super","slug":"super","utilisateur":{"id":1,"nom":"AdminVTT"},"tags":["5"],"image":null,"statut":"Brouillon"}
[2025-12-25 22:45:49] [INFO] Nouvel article créé {"article_id":12,"titre":"dzqd","slug":"dzqd","utilisateur":{"id":1,"nom":"AdminVTT"},"tags":["5"],"image":null,"statut":"Brouillon"}
[2025-12-25 22:48:21] [INFO] Nouvel article créé {"article_id":13,"titre":"fdzd","slug":"fdzd","utilisateur":{"id":1,"nom":"AdminVTT"},"tags":[],"image":null,"statut":"Archivé"}
[2025-12-25 22:48:54] [INFO] Article modifié {"article_id":13,"titre":"fdzd","slug":"fdzd","utilisateur":{"id":1,"nom":"AdminVTT"},"tags":[],"image":null,"statut":"Publié"}
[2025-12-25 22:49:49] [INFO] Article supprimé {"article_id":11,"slug":"super","titre":"super","utilisateur":{"id":1,"nom":"AdminVTT"}}
[2025-12-25 22:49:51] [INFO] Article supprimé {"article_id":13,"slug":"fdzd","titre":"fdzd","utilisateur":{"id":1,"nom":"AdminVTT"}}
[2025-12-25 22:49:52] [INFO] Article supprimé {"article_id":12,"slug":"dzqd","titre":"dzqd","utilisateur":{"id":1,"nom":"AdminVTT"}}
[2025-12-25 22:55:54] [INFO] Article supprimé {"article_id":10,"admin":{"id":1,"nom":"AdminVTT"}}
